-------------------------------------------------------------------------------
Test set: Woolworths.TestRunner
-------------------------------------------------------------------------------
Tests run: 9, Failures: 0, Errors: 2, Skipped: 3, Time elapsed: 106.213 sec <<< FAILURE!
Then I should be able to see the Home Page(| john@gmail.com | 123456 | 4210201002994 | Oral B Professional Care Powered Toothbrush 500 each | 99 | 99 |)  Time elapsed: 0.022 sec  <<< ERROR!
org.openqa.selenium.NoSuchElementException: Can't locate an element by this strategy: Locator map: 
- native content: "By.id: com.woolworths.scango:id/toolbarTitle" 
- html content: "by id or name "Title""
For documentation on this error, please visit: http://seleniumhq.org/exceptions/no_such_element.html
Build info: version: '2.53.1', revision: 'a36b8b1cd5757287168e54b817830adce9b0158d', time: '2016-06-30 19:26:09'
System info: host: 'SweetHome', ip: '172.18.1.224', os.name: 'Windows 8.1', os.arch: 'amd64', os.version: '6.3', java.version: '1.8.0_144'
Driver info: driver.version: unknown
	at io.appium.java_client.pagefactory.AppiumElementLocator.findElement(AppiumElementLocator.java:110)
	at io.appium.java_client.pagefactory.interceptors.InterceptorOfASingleElement.intercept(InterceptorOfASingleElement.java:57)
	at io.appium.java_client.android.AndroidElement$$EnhancerByCGLIB$$c0b591f0.getText(<generated>)
	at Woolworths.Pages.HomePage.GetTitle(HomePage.java:48)
	at Woolworths.Steps.HomeSteps.iShouldBeAbleToSeeTheHomePage(HomeSteps.java:19)
	at ?.Then I should be able to see the Home Page(AddProductsToCart.feature:8)

| john@gmail.com | 123456 | 4210201002994 | Oral B Professional Care Powered Toothbrush 500 each | 99 | 99 |  Time elapsed: 0.033 sec  <<< ERROR!
org.openqa.selenium.NoSuchElementException: Can't locate an element by this strategy: Locator map: 
- native content: "By.id: com.woolworths.scango:id/toolbarTitle" 
- html content: "by id or name "Title""
For documentation on this error, please visit: http://seleniumhq.org/exceptions/no_such_element.html
Build info: version: '2.53.1', revision: 'a36b8b1cd5757287168e54b817830adce9b0158d', time: '2016-06-30 19:26:09'
System info: host: 'SweetHome', ip: '172.18.1.224', os.name: 'Windows 8.1', os.arch: 'amd64', os.version: '6.3', java.version: '1.8.0_144'
Driver info: driver.version: unknown
	at io.appium.java_client.pagefactory.AppiumElementLocator.findElement(AppiumElementLocator.java:110)
	at io.appium.java_client.pagefactory.interceptors.InterceptorOfASingleElement.intercept(InterceptorOfASingleElement.java:57)
	at io.appium.java_client.android.AndroidElement$$EnhancerByCGLIB$$c0b591f0.getText(<generated>)
	at Woolworths.Pages.HomePage.GetTitle(HomePage.java:48)
	at Woolworths.Steps.HomeSteps.iShouldBeAbleToSeeTheHomePage(HomeSteps.java:19)
	at ?.Then I should be able to see the Home Page(AddProductsToCart.feature:8)

