<?xml version="1.0" encoding="UTF-8" ?>
<testsuite tests="9" failures="0" name="Woolworths.TestRunner" time="0.179" errors="2" skipped="3">
  <properties>
[...]
</properties>
  <testcase classname="| john@gmail.com | 123456 | 4210201002994 | Oral B Professional Care Powered Toothbrush 500 each | 99 | 99 |" name="Given I enter the Scan and Go application with john@gmail.com and 123456" time="0"/>
  <testcase classname="| john@gmail.com | 123456 | 4210201002994 | Oral B Professional Care Powered Toothbrush 500 each | 99 | 99 |" name="When I press the login button" time="0"/>
  <testcase classname="| john@gmail.com | 123456 | 4210201002994 | Oral B Professional Care Powered Toothbrush 500 each | 99 | 99 |" name="Then I should be able to see the welcome page" time="0"/>
  <testcase classname="| john@gmail.com | 123456 | 4210201002994 | Oral B Professional Care Powered Toothbrush 500 each | 99 | 99 |" name="And When I accept the terms and conditions" time="0.001"/>
  <testcase classname="| john@gmail.com | 123456 | 4210201002994 | Oral B Professional Care Powered Toothbrush 500 each | 99 | 99 |" name="Then I should be able to see the Home Page" time="0.022">
    <error message="Can&apos;t locate an element by this strategy: Locator map: 
- native content: &quot;By.id: com.woolworths.scango:id/toolbarTitle&quot; 
- html content: &quot;by id or name &quot;Title&quot;&quot;
For documentation on this error, please visit: http://seleniumhq.org/exceptions/no_such_element.html
Build info: version: &apos;2.53.1&apos;, revision: &apos;a36b8b1cd5757287168e54b817830adce9b0158d&apos;, time: &apos;2016-06-30 19:26:09&apos;
System info: host: &apos;SweetHome&apos;, ip: &apos;172.18.1.224&apos;, os.name: &apos;Windows 8.1&apos;, os.arch: &apos;amd64&apos;, os.version: &apos;6.3&apos;, java.version: &apos;1.8.0_144&apos;
Driver info: driver.version: unknown" type="org.openqa.selenium.NoSuchElementException">org.openqa.selenium.NoSuchElementException: Can&apos;t locate an element by this strategy: Locator map: 
- native content: &quot;By.id: com.woolworths.scango:id/toolbarTitle&quot; 
- html content: &quot;by id or name &quot;Title&quot;&quot;
For documentation on this error, please visit: http://seleniumhq.org/exceptions/no_such_element.html
Build info: version: &apos;2.53.1&apos;, revision: &apos;a36b8b1cd5757287168e54b817830adce9b0158d&apos;, time: &apos;2016-06-30 19:26:09&apos;
System info: host: &apos;SweetHome&apos;, ip: &apos;172.18.1.224&apos;, os.name: &apos;Windows 8.1&apos;, os.arch: &apos;amd64&apos;, os.version: &apos;6.3&apos;, java.version: &apos;1.8.0_144&apos;
Driver info: driver.version: unknown
	at io.appium.java_client.pagefactory.AppiumElementLocator.findElement(AppiumElementLocator.java:110)
	at io.appium.java_client.pagefactory.interceptors.InterceptorOfASingleElement.intercept(InterceptorOfASingleElement.java:57)
	at io.appium.java_client.android.AndroidElement$$EnhancerByCGLIB$$c0b591f0.getText(&lt;generated&gt;)
	at Woolworths.Pages.HomePage.GetTitle(HomePage.java:48)
	at Woolworths.Steps.HomeSteps.iShouldBeAbleToSeeTheHomePage(HomeSteps.java:19)
	at ✽.Then I should be able to see the Home Page(AddProductsToCart.feature:8)
</error>
  </testcase>
  <testcase classname="| john@gmail.com | 123456 | 4210201002994 | Oral B Professional Care Powered Toothbrush 500 each | 99 | 99 |" name="| john@gmail.com | 123456 | 4210201002994 | Oral B Professional Care Powered Toothbrush 500 each | 99 | 99 |" time="0.033">
    <error message="Can&apos;t locate an element by this strategy: Locator map: 
- native content: &quot;By.id: com.woolworths.scango:id/toolbarTitle&quot; 
- html content: &quot;by id or name &quot;Title&quot;&quot;
For documentation on this error, please visit: http://seleniumhq.org/exceptions/no_such_element.html
Build info: version: &apos;2.53.1&apos;, revision: &apos;a36b8b1cd5757287168e54b817830adce9b0158d&apos;, time: &apos;2016-06-30 19:26:09&apos;
System info: host: &apos;SweetHome&apos;, ip: &apos;172.18.1.224&apos;, os.name: &apos;Windows 8.1&apos;, os.arch: &apos;amd64&apos;, os.version: &apos;6.3&apos;, java.version: &apos;1.8.0_144&apos;
Driver info: driver.version: unknown" type="org.openqa.selenium.NoSuchElementException">org.openqa.selenium.NoSuchElementException: Can&apos;t locate an element by this strategy: Locator map: 
- native content: &quot;By.id: com.woolworths.scango:id/toolbarTitle&quot; 
- html content: &quot;by id or name &quot;Title&quot;&quot;
For documentation on this error, please visit: http://seleniumhq.org/exceptions/no_such_element.html
Build info: version: &apos;2.53.1&apos;, revision: &apos;a36b8b1cd5757287168e54b817830adce9b0158d&apos;, time: &apos;2016-06-30 19:26:09&apos;
System info: host: &apos;SweetHome&apos;, ip: &apos;172.18.1.224&apos;, os.name: &apos;Windows 8.1&apos;, os.arch: &apos;amd64&apos;, os.version: &apos;6.3&apos;, java.version: &apos;1.8.0_144&apos;
Driver info: driver.version: unknown
	at io.appium.java_client.pagefactory.AppiumElementLocator.findElement(AppiumElementLocator.java:110)
	at io.appium.java_client.pagefactory.interceptors.InterceptorOfASingleElement.intercept(InterceptorOfASingleElement.java:57)
	at io.appium.java_client.android.AndroidElement$$EnhancerByCGLIB$$c0b591f0.getText(&lt;generated&gt;)
	at Woolworths.Pages.HomePage.GetTitle(HomePage.java:48)
	at Woolworths.Steps.HomeSteps.iShouldBeAbleToSeeTheHomePage(HomeSteps.java:19)
	at ✽.Then I should be able to see the Home Page(AddProductsToCart.feature:8)
</error>
  </testcase>
  <testcase classname="| john@gmail.com | 123456 | 4210201002994 | Oral B Professional Care Powered Toothbrush 500 each | 99 | 99 |" name="When I open the scanner" time="0.038">
    <skipped/>
  </testcase>
  <testcase classname="| john@gmail.com | 123456 | 4210201002994 | Oral B Professional Care Powered Toothbrush 500 each | 99 | 99 |" name="And I enter the 4210201002994 manually" time="0.04">
    <skipped/>
  </testcase>
  <testcase classname="| john@gmail.com | 123456 | 4210201002994 | Oral B Professional Care Powered Toothbrush 500 each | 99 | 99 |" name="Then I should see the product Oral B Professional Care Powered Toothbrush 500 each 99 99 added to the cart" time="0.045">
    <skipped/>
  </testcase>
</testsuite>